0 silly argv {
0 silly argv   _: [ 'run' ],
0 silly argv   stream: true,
0 silly argv   lernaVersion: '3.18.3',
0 silly argv   '$0': 'node_modules\\lerna\\cli.js',
0 silly argv   script: 'dev:viewer'
0 silly argv }
1 notice cli v3.18.3
2 verbose rootPath D:\Dev\TCellGissSolution_surum2\Viewers
3 info versioning independent
4 info Executing command in 1 package: "yarn run dev:viewer"
5 silly npmRunScript.stream [ 'dev:viewer', [], '@ohif/viewer' ]
6 silly getExecOpts D:\Dev\TCellGissSolution_surum2\Viewers\platform\viewer undefined
7 error MaxBufferError: stderr maxBuffer exceeded
7 error     at PassThrough.<anonymous> (D:\Dev\TCellGissSolution_surum2\Viewers\node_modules\get-stream\index.js:41:19)
7 error     at PassThrough.emit (events.js:327:22)
7 error     at addChunk (internal/streams/readable.js:309:12)
7 error     at readableAddChunk (internal/streams/readable.js:280:11)
7 error     at PassThrough.Readable.push (internal/streams/readable.js:223:10)
7 error     at PassThrough.Transform.push (internal/streams/transform.js:166:32)
7 error     at PassThrough.afterTransform (internal/streams/transform.js:101:10)
7 error     at PassThrough._transform (internal/streams/passthrough.js:46:3)
7 error     at PassThrough.Transform._read (internal/streams/transform.js:205:10)
